<?xml version="1.0" encoding="UTF-8"?>
<testng-results skipped="0" failed="0" ignored="0" total="1" passed="1">
  <reporter-output>
  </reporter-output>
  <suite name="Default suite" duration-ms="15388" started-at="2017-08-14T06:10:39Z" finished-at="2017-08-14T06:10:55Z">
    <groups>
    </groups>
    <test name="Default test" duration-ms="15388" started-at="2017-08-14T06:10:39Z" finished-at="2017-08-14T06:10:55Z">
      <class name="liangyihui.web.Search">
        <test-method status="PASS" signature="beforeClass()[pri:0, instance:liangyihui.web.Search@553f17c]" name="beforeClass" is-config="true" duration-ms="7658" started-at="2017-08-14T14:10:39Z" finished-at="2017-08-14T14:10:47Z">
          <reporter-output>
          </reporter-output>
        </test-method> <!-- beforeClass -->
        <test-method status="PASS" signature="search()[pri:0, instance:liangyihui.web.Search@553f17c]" name="search" duration-ms="7559" started-at="2017-08-14T14:10:47Z" finished-at="2017-08-14T14:10:55Z">
          <reporter-output>
          </reporter-output>
        </test-method> <!-- search -->
        <test-method status="PASS" signature="afterClass()[pri:0, instance:liangyihui.web.Search@553f17c]" name="afterClass" is-config="true" duration-ms="149" started-at="2017-08-14T14:10:55Z" finished-at="2017-08-14T14:10:55Z">
          <reporter-output>
          </reporter-output>
        </test-method> <!-- afterClass -->
      </class> <!-- liangyihui.web.Search -->
    </test> <!-- Default test -->
  </suite> <!-- Default suite -->
</testng-results>
