<html xmlns:math="http://exslt.org/math" xmlns:testng="http://testng.org">
   <head>
      <title>TestNG Results</title>
      <meta http-equiv="content-type" content="text/html; charset=utf-8"></meta>
      <meta http-equiv="pragma" content="no-cache"></meta>
      <meta http-equiv="cache-control" content="max-age=0"></meta>
      <meta http-equiv="cache-control" content="no-cache"></meta>
      <meta http-equiv="cache-control" content="no-store"></meta>
      <LINK rel="stylesheet" href="style.css"></LINK>
      <script type="text/javascript" src="main.js"></script>
   </head>
   <body>
      <table width="100%" style="font-size: 16px; margin-bottom: 10px;" cellspacing="1">
         <tr>
            <td width="100%">
               All methods in suite
               
               <b>Default suite</b>
            </td>
            <td style="background-color: #FFBBBB; padding: 3px 3px 3px 0;" align="center">
               <div style="width: 50px;">0</div>
            </td>
            <td style="background-color: lightgreen; padding: 3px 3px 3px 0;" align="center">
               <div style="width: 50px;">0</div>
            </td>
            <td style="background-color: #FFFFBB; padding: 3px 3px 3px 0;" align="center">
               <div style="width: 50px;">1</div>
            </td>
            <td align="center" style="background-color: #eaf0f7; padding: 3px 3px 3px 0;">
               <div style="width: 50px;">1</div>
            </td>
            <td align="center"
                style="font-weight: bold; background-color: #eaf0f7; padding: 3px 3px 3px 0;">
               <div style="width: 50px;">0%</div>
            </td>
         </tr>
      </table>
      <div style="width: 200px;">
         <label for="groupMethodsCheckBox" style="font-weight: bold; margin: 0;">
            <input id="groupMethodsCheckBox" type="checkbox" onclick="switchTestMethodsView(this)"></input>
            Group by class
            
         </label>
         <br></br>
         <label for="methodsFilter_ALL" style="font-weight: bold; margin: 0;">
            <input id="methodsFilter_ALL" type="checkbox"
                   onclick="testMethodsFilterChanged(this, 'ALL')"></input>
            All
            
         </label>
      </div>
      <label for="methodsFilter_FAIL" style="margin-left: 20px;">
         <input id="methodsFilter_FAIL" type="checkbox"
                onclick="testMethodsFilterChanged(this, 'FAIL')"
                checked=""></input>
         Failed
         
      </label>
      <label for="methodsFilter_PASS">
         <input id="methodsFilter_PASS" type="checkbox"
                onclick="testMethodsFilterChanged(this, 'PASS')"
                checked=""></input>
         Passed
         
      </label>
      <label for="methodsFilter_SKIP">
         <input id="methodsFilter_SKIP" type="checkbox"
                onclick="testMethodsFilterChanged(this, 'SKIP')"
                checked=""></input>
         Skipped
         
      </label>
      <label for="methodsFilter_CONF">
         <input id="methodsFilter_CONF" type="checkbox"
                onclick="testMethodsFilterChanged(this, 'CONF')"></input>
         Config
         
      </label>
      <br></br>
      <div id="testMethodsByStatus">
         <table class="testMethodsTable" cellpadding="0" cellspacing="0">
            <tr class="methodsTableHeader">
               <td width="100%">Name</td>
               <td nowrap="true">Started</td>
               <td nowrap="true">Duration</td>
               <td>Exception</td>
            </tr>
            <tr id="liangyihui.app.test_beforeClass_byStatus_failed_FAIL1_row"
                class="testMethodStatusFAIL testMethodStatusCONF">
               <td width="100%" class="firstMethodCell">
                  <a onclick="toggleDetailsVisibility('liangyihui.app.test_beforeClass_byStatus_failed_FAIL1_details')">beforeClass()</a>
               </td>
               <td nowrap="true">16:41:24</td>
               <td nowrap="true" align="right">3s
                  
               </td>
               <td nowrap="true">
                  <a onclick="toggleDetailsVisibility('liangyihui.app.test_beforeClass_byStatus_failed_FAIL1_exception')">org.openqa.selenium.WebDriverException: 
                     An unknown server-side error occurred while processing the command. Original error: Error executing adbExec. Original error:
                     'Command '/Users/yuhualai/Desktop/android-sdk-macosx/platform-tools/adb -P 5037 -s 1fea68300904 install /usr/local/lib/node_modules/appium/node_modules/appium-android-ime/bin/UnicodeIME-debug.apk'
                     exited with code 1'; Stderr: 'Failed to install /usr/local/lib/node_modules/appium/node_modules/appium-android-ime/bin/UnicodeIME-debug.apk:
                     Failure [INSTALL_FAILED_USER_RESTRICTED: Install canceled by user]'; Code: '1' (WARNING: The server did not provide any stacktrace
                     information)
                     Command duration or timeout: 2.20 seconds
                     Build info: version: '3.4.0', revision: 'unknown', time: 'unknown'
                     System info: host: 'yuhualaideMacBook-Pro.local', ip: 'fe80:0:0:0:410:a2ef:60e3:32e9%en0', os.name: 'Mac OS X', os.arch: 'x86_64',
                     os.version: '10.12.6', java.version: '1.8.0_131'
                     Driver info: driver.version: AndroidDriver
                     
                  </a>
                   
                  
               </td>
            </tr>
            <tr>
               <td colspan="4"
                   style="padding: 0; background-color: white; border-style: none; height: 0px;">
                  <div id="liangyihui.app.test_beforeClass_byStatus_failed_FAIL1_details"
                       class="testMethodDetails">
                     <div>
                        <b>Name:
                           
                        </b>beforeClass
                     </div>
                     <div>
                        <b>Signature:
                           
                        </b>beforeClass()[pri:0, instance:liangyihui.app.test@7085bdee]
                     </div>
                     <div>
                        <b>Start time:
                           
                        </b>16:41:24
                     </div>
                     <div>
                        <b>End time:
                           
                        </b>16:41:27
                     </div>
                     <div>
                        <b>Duration:
                           
                        </b>3s
                        
                     </div>
                  </div>
               </td>
            </tr>
            <tr>
               <td colspan="4"
                   style="padding: 0; background-color: white; border-style: none; height: 0px;">
                  <div id="liangyihui.app.test_beforeClass_byStatus_failed_FAIL1_exception"
                       class="testMethodDetails">
                     <pre style="padding: 5px; margin: 0;">org.openqa.selenium.WebDriverException: An unknown server-side error occurred while processing the command. Original error:
                        Error executing adbExec. Original error: 'Command '/Users/yuhualai/Desktop/android-sdk-macosx/platform-tools/adb -P 5037 -s
                        1fea68300904 install /usr/local/lib/node_modules/appium/node_modules/appium-android-ime/bin/UnicodeIME-debug.apk' exited with
                        code 1'; Stderr: 'Failed to install /usr/local/lib/node_modules/appium/node_modules/appium-android-ime/bin/UnicodeIME-debug.apk:
                        Failure [INSTALL_FAILED_USER_RESTRICTED: Install canceled by user]'; Code: '1' (WARNING: The server did not provide any stacktrace
                        information)
                        Command duration or timeout: 2.20 seconds
                        Build info: version: '3.4.0', revision: 'unknown', time: 'unknown'
                        System info: host: 'yuhualaideMacBook-Pro.local', ip: 'fe80:0:0:0:410:a2ef:60e3:32e9%en0', os.name: 'Mac OS X', os.arch: 'x86_64',
                        os.version: '10.12.6', java.version: '1.8.0_131'
                        Driver info: driver.version: AndroidDriver
                        	at sun.reflect.NativeConstructorAccessorImpl.newInstance0(Native Method)
                        	at sun.reflect.NativeConstructorAccessorImpl.newInstance(NativeConstructorAccessorImpl.java:62)
                        	at sun.reflect.DelegatingConstructorAccessorImpl.newInstance(DelegatingConstructorAccessorImpl.java:45)
                        	at java.lang.reflect.Constructor.newInstance(Constructor.java:423)
                        	at org.openqa.selenium.remote.ErrorHandler.createThrowable(ErrorHandler.java:215)
                        	at org.openqa.selenium.remote.ErrorHandler.throwIfResponseFailed(ErrorHandler.java:167)
                        	at org.openqa.selenium.remote.JsonWireProtocolResponse.lambda$new$0(JsonWireProtocolResponse.java:53)
                        	at org.openqa.selenium.remote.JsonWireProtocolResponse.lambda$getResponseFunction$2(JsonWireProtocolResponse.java:91)
                        	at org.openqa.selenium.remote.ProtocolHandshake.lambda$createSession$22(ProtocolHandshake.java:365)
                        	at java.util.stream.ReferencePipeline$3$1.accept(ReferencePipeline.java:193)
                        	at java.util.Spliterators$ArraySpliterator.tryAdvance(Spliterators.java:958)
                        	at java.util.stream.ReferencePipeline.forEachWithCancel(ReferencePipeline.java:126)
                        	at java.util.stream.AbstractPipeline.copyIntoWithCancel(AbstractPipeline.java:498)
                        	at java.util.stream.AbstractPipeline.copyInto(AbstractPipeline.java:485)
                        	at java.util.stream.AbstractPipeline.wrapAndCopyInto(AbstractPipeline.java:471)
                        	at java.util.stream.FindOps$FindOp.evaluateSequential(FindOps.java:152)
                        	at java.util.stream.AbstractPipeline.evaluate(AbstractPipeline.java:234)
                        	at java.util.stream.ReferencePipeline.findFirst(ReferencePipeline.java:464)
                        	at org.openqa.selenium.remote.ProtocolHandshake.createSession(ProtocolHandshake.java:368)
                        	at org.openqa.selenium.remote.ProtocolHandshake.createSession(ProtocolHandshake.java:159)
                        	at org.openqa.selenium.remote.HttpCommandExecutor.execute(HttpCommandExecutor.java:142)
                        	at io.appium.java_client.remote.AppiumCommandExecutor.execute(AppiumCommandExecutor.java:69)
                        	at org.openqa.selenium.remote.RemoteWebDriver.execute(RemoteWebDriver.java:637)
                        	at io.appium.java_client.DefaultGenericMobileDriver.execute(DefaultGenericMobileDriver.java:40)
                        	at io.appium.java_client.AppiumDriver.execute(AppiumDriver.java:1)
                        	at io.appium.java_client.android.AndroidDriver.execute(AndroidDriver.java:1)
                        	at org.openqa.selenium.remote.RemoteWebDriver.startSession(RemoteWebDriver.java:250)
                        	at org.openqa.selenium.remote.RemoteWebDriver.startSession(RemoteWebDriver.java:236)
                        	at org.openqa.selenium.remote.RemoteWebDriver.&lt;init&gt;(RemoteWebDriver.java:137)
                        	at io.appium.java_client.DefaultGenericMobileDriver.&lt;init&gt;(DefaultGenericMobileDriver.java:36)
                        	at io.appium.java_client.AppiumDriver.&lt;init&gt;(AppiumDriver.java:114)
                        	at io.appium.java_client.AppiumDriver.&lt;init&gt;(AppiumDriver.java:132)
                        	at io.appium.java_client.android.AndroidDriver.&lt;init&gt;(AndroidDriver.java:92)
                        	at liangyihui.test.Public.beforeClass(Public.java:32)
                        	at liangyihui.app.test.beforeClass(test.java:20)
                        	at sun.reflect.NativeMethodAccessorImpl.invoke0(Native Method)
                        	at sun.reflect.NativeMethodAccessorImpl.invoke(NativeMethodAccessorImpl.java:62)
                        	at sun.reflect.DelegatingMethodAccessorImpl.invoke(DelegatingMethodAccessorImpl.java:43)
                        	at java.lang.reflect.Method.invoke(Method.java:498)
                        	at org.testng.internal.MethodInvocationHelper.invokeMethod(MethodInvocationHelper.java:108)
                        	at org.testng.internal.Invoker.invokeConfigurationMethod(Invoker.java:523)
                        	at org.testng.internal.Invoker.invokeConfigurations(Invoker.java:224)
                        	at org.testng.internal.Invoker.invokeConfigurations(Invoker.java:146)
                        	at org.testng.internal.TestMethodWorker.invokeBeforeClassMethods(TestMethodWorker.java:166)
                        	at org.testng.internal.TestMethodWorker.run(TestMethodWorker.java:105)
                        	at org.testng.TestRunner.privateRun(TestRunner.java:744)
                        	at org.testng.TestRunner.run(TestRunner.java:602)
                        	at org.testng.SuiteRunner.runTest(SuiteRunner.java:380)
                        	at org.testng.SuiteRunner.runSequentially(SuiteRunner.java:375)
                        	at org.testng.SuiteRunner.privateRun(SuiteRunner.java:340)
                        	at org.testng.SuiteRunner.run(SuiteRunner.java:289)
                        	at org.testng.SuiteRunnerWorker.runSuite(SuiteRunnerWorker.java:52)
                        	at org.testng.SuiteRunnerWorker.run(SuiteRunnerWorker.java:86)
                        	at org.testng.TestNG.runSuitesSequentially(TestNG.java:1301)
                        	at org.testng.TestNG.runSuitesLocally(TestNG.java:1226)
                        	at org.testng.TestNG.runSuites(TestNG.java:1144)
                        	at org.testng.TestNG.run(TestNG.java:1115)
                        	at org.testng.remote.AbstractRemoteTestNG.run(AbstractRemoteTestNG.java:132)
                        	at org.testng.remote.RemoteTestNG.initAndRun(RemoteTestNG.java:230)
                        	at org.testng.remote.RemoteTestNG.main(RemoteTestNG.java:76)
                     </pre>
                  </div>
               </td>
            </tr>
            <tr id="liangyihui.app.test_f_byStatus_skiped_SKIP1_row"
                class="testMethodStatusSKIP">
               <td width="100%" class="firstMethodCell">
                  <a onclick="toggleDetailsVisibility('liangyihui.app.test_f_byStatus_skiped_SKIP1_details')">f()</a>
               </td>
               <td nowrap="true">16:41:27</td>
               <td nowrap="true" align="right">1 ms
                  
               </td>
               <td nowrap="true">
                  <a onclick="toggleDetailsVisibility('liangyihui.app.test_f_byStatus_skiped_SKIP1_exception')">org.openqa.selenium.WebDriverException: 
                     An unknown server-side error occurred while processing the command. Original error: Error executing adbExec. Original error:
                     'Command '/Users/yuhualai/Desktop/android-sdk-macosx/platform-tools/adb -P 5037 -s 1fea68300904 install /usr/local/lib/node_modules/appium/node_modules/appium-android-ime/bin/UnicodeIME-debug.apk'
                     exited with code 1'; Stderr: 'Failed to install /usr/local/lib/node_modules/appium/node_modules/appium-android-ime/bin/UnicodeIME-debug.apk:
                     Failure [INSTALL_FAILED_USER_RESTRICTED: Install canceled by user]'; Code: '1' (WARNING: The server did not provide any stacktrace
                     information)
                     Command duration or timeout: 2.20 seconds
                     Build info: version: '3.4.0', revision: 'unknown', time: 'unknown'
                     System info: host: 'yuhualaideMacBook-Pro.local', ip: 'fe80:0:0:0:410:a2ef:60e3:32e9%en0', os.name: 'Mac OS X', os.arch: 'x86_64',
                     os.version: '10.12.6', java.version: '1.8.0_131'
                     Driver info: driver.version: AndroidDriver
                     
                  </a>
                   
                  
               </td>
            </tr>
            <tr>
               <td colspan="4"
                   style="padding: 0; background-color: white; border-style: none; height: 0px;">
                  <div id="liangyihui.app.test_f_byStatus_skiped_SKIP1_details"
                       class="testMethodDetails">
                     <div>
                        <b>Name:
                           
                        </b>f
                     </div>
                     <div>
                        <b>Signature:
                           
                        </b>f()[pri:0, instance:liangyihui.app.test@7085bdee]
                     </div>
                     <div>
                        <b>Start time:
                           
                        </b>16:41:27
                     </div>
                     <div>
                        <b>End time:
                           
                        </b>16:41:27
                     </div>
                     <div>
                        <b>Duration:
                           
                        </b>1 ms
                        
                     </div>
                  </div>
               </td>
            </tr>
            <tr>
               <td colspan="4"
                   style="padding: 0; background-color: white; border-style: none; height: 0px;">
                  <div id="liangyihui.app.test_f_byStatus_skiped_SKIP1_exception"
                       class="testMethodDetails">
                     <pre style="padding: 5px; margin: 0;">org.openqa.selenium.WebDriverException: An unknown server-side error occurred while processing the command. Original error:
                        Error executing adbExec. Original error: 'Command '/Users/yuhualai/Desktop/android-sdk-macosx/platform-tools/adb -P 5037 -s
                        1fea68300904 install /usr/local/lib/node_modules/appium/node_modules/appium-android-ime/bin/UnicodeIME-debug.apk' exited with
                        code 1'; Stderr: 'Failed to install /usr/local/lib/node_modules/appium/node_modules/appium-android-ime/bin/UnicodeIME-debug.apk:
                        Failure [INSTALL_FAILED_USER_RESTRICTED: Install canceled by user]'; Code: '1' (WARNING: The server did not provide any stacktrace
                        information)
                        Command duration or timeout: 2.20 seconds
                        Build info: version: '3.4.0', revision: 'unknown', time: 'unknown'
                        System info: host: 'yuhualaideMacBook-Pro.local', ip: 'fe80:0:0:0:410:a2ef:60e3:32e9%en0', os.name: 'Mac OS X', os.arch: 'x86_64',
                        os.version: '10.12.6', java.version: '1.8.0_131'
                        Driver info: driver.version: AndroidDriver
                        	at sun.reflect.NativeConstructorAccessorImpl.newInstance0(Native Method)
                        	at sun.reflect.NativeConstructorAccessorImpl.newInstance(NativeConstructorAccessorImpl.java:62)
                        	at sun.reflect.DelegatingConstructorAccessorImpl.newInstance(DelegatingConstructorAccessorImpl.java:45)
                        	at java.lang.reflect.Constructor.newInstance(Constructor.java:423)
                        	at org.openqa.selenium.remote.ErrorHandler.createThrowable(ErrorHandler.java:215)
                        	at org.openqa.selenium.remote.ErrorHandler.throwIfResponseFailed(ErrorHandler.java:167)
                        	at org.openqa.selenium.remote.JsonWireProtocolResponse.lambda$new$0(JsonWireProtocolResponse.java:53)
                        	at org.openqa.selenium.remote.JsonWireProtocolResponse.lambda$getResponseFunction$2(JsonWireProtocolResponse.java:91)
                        	at org.openqa.selenium.remote.ProtocolHandshake.lambda$createSession$22(ProtocolHandshake.java:365)
                        	at java.util.stream.ReferencePipeline$3$1.accept(ReferencePipeline.java:193)
                        	at java.util.Spliterators$ArraySpliterator.tryAdvance(Spliterators.java:958)
                        	at java.util.stream.ReferencePipeline.forEachWithCancel(ReferencePipeline.java:126)
                        	at java.util.stream.AbstractPipeline.copyIntoWithCancel(AbstractPipeline.java:498)
                        	at java.util.stream.AbstractPipeline.copyInto(AbstractPipeline.java:485)
                        	at java.util.stream.AbstractPipeline.wrapAndCopyInto(AbstractPipeline.java:471)
                        	at java.util.stream.FindOps$FindOp.evaluateSequential(FindOps.java:152)
                        	at java.util.stream.AbstractPipeline.evaluate(AbstractPipeline.java:234)
                        	at java.util.stream.ReferencePipeline.findFirst(ReferencePipeline.java:464)
                        	at org.openqa.selenium.remote.ProtocolHandshake.createSession(ProtocolHandshake.java:368)
                        	at org.openqa.selenium.remote.ProtocolHandshake.createSession(ProtocolHandshake.java:159)
                        	at org.openqa.selenium.remote.HttpCommandExecutor.execute(HttpCommandExecutor.java:142)
                        	at io.appium.java_client.remote.AppiumCommandExecutor.execute(AppiumCommandExecutor.java:69)
                        	at org.openqa.selenium.remote.RemoteWebDriver.execute(RemoteWebDriver.java:637)
                        	at io.appium.java_client.DefaultGenericMobileDriver.execute(DefaultGenericMobileDriver.java:40)
                        	at io.appium.java_client.AppiumDriver.execute(AppiumDriver.java:1)
                        	at io.appium.java_client.android.AndroidDriver.execute(AndroidDriver.java:1)
                        	at org.openqa.selenium.remote.RemoteWebDriver.startSession(RemoteWebDriver.java:250)
                        	at org.openqa.selenium.remote.RemoteWebDriver.startSession(RemoteWebDriver.java:236)
                        	at org.openqa.selenium.remote.RemoteWebDriver.&lt;init&gt;(RemoteWebDriver.java:137)
                        	at io.appium.java_client.DefaultGenericMobileDriver.&lt;init&gt;(DefaultGenericMobileDriver.java:36)
                        	at io.appium.java_client.AppiumDriver.&lt;init&gt;(AppiumDriver.java:114)
                        	at io.appium.java_client.AppiumDriver.&lt;init&gt;(AppiumDriver.java:132)
                        	at io.appium.java_client.android.AndroidDriver.&lt;init&gt;(AndroidDriver.java:92)
                        	at liangyihui.test.Public.beforeClass(Public.java:32)
                        	at liangyihui.app.test.beforeClass(test.java:20)
                        	at sun.reflect.NativeMethodAccessorImpl.invoke0(Native Method)
                        	at sun.reflect.NativeMethodAccessorImpl.invoke(NativeMethodAccessorImpl.java:62)
                        	at sun.reflect.DelegatingMethodAccessorImpl.invoke(DelegatingMethodAccessorImpl.java:43)
                        	at java.lang.reflect.Method.invoke(Method.java:498)
                        	at org.testng.internal.MethodInvocationHelper.invokeMethod(MethodInvocationHelper.java:108)
                        	at org.testng.internal.Invoker.invokeConfigurationMethod(Invoker.java:523)
                        	at org.testng.internal.Invoker.invokeConfigurations(Invoker.java:224)
                        	at org.testng.internal.Invoker.invokeConfigurations(Invoker.java:146)
                        	at org.testng.internal.TestMethodWorker.invokeBeforeClassMethods(TestMethodWorker.java:166)
                        	at org.testng.internal.TestMethodWorker.run(TestMethodWorker.java:105)
                        	at org.testng.TestRunner.privateRun(TestRunner.java:744)
                        	at org.testng.TestRunner.run(TestRunner.java:602)
                        	at org.testng.SuiteRunner.runTest(SuiteRunner.java:380)
                        	at org.testng.SuiteRunner.runSequentially(SuiteRunner.java:375)
                        	at org.testng.SuiteRunner.privateRun(SuiteRunner.java:340)
                        	at org.testng.SuiteRunner.run(SuiteRunner.java:289)
                        	at org.testng.SuiteRunnerWorker.runSuite(SuiteRunnerWorker.java:52)
                        	at org.testng.SuiteRunnerWorker.run(SuiteRunnerWorker.java:86)
                        	at org.testng.TestNG.runSuitesSequentially(TestNG.java:1301)
                        	at org.testng.TestNG.runSuitesLocally(TestNG.java:1226)
                        	at org.testng.TestNG.runSuites(TestNG.java:1144)
                        	at org.testng.TestNG.run(TestNG.java:1115)
                        	at org.testng.remote.AbstractRemoteTestNG.run(AbstractRemoteTestNG.java:132)
                        	at org.testng.remote.RemoteTestNG.initAndRun(RemoteTestNG.java:230)
                        	at org.testng.remote.RemoteTestNG.main(RemoteTestNG.java:76)
                     </pre>
                  </div>
               </td>
            </tr>
            <tr id="liangyihui.app.test_afterClass_byStatus_skiped_SKIP2_row"
                class="testMethodStatusSKIP testMethodStatusCONF">
               <td width="100%" class="firstMethodCell">
                  <a onclick="toggleDetailsVisibility('liangyihui.app.test_afterClass_byStatus_skiped_SKIP2_details')">afterClass()</a>
               </td>
               <td nowrap="true">16:41:27</td>
               <td nowrap="true" align="right">0 ms
                  
               </td>
               <td nowrap="true">
                   
                  
               </td>
            </tr>
            <tr>
               <td colspan="4"
                   style="padding: 0; background-color: white; border-style: none; height: 0px;">
                  <div id="liangyihui.app.test_afterClass_byStatus_skiped_SKIP2_details"
                       class="testMethodDetails">
                     <div>
                        <b>Name:
                           
                        </b>afterClass
                     </div>
                     <div>
                        <b>Signature:
                           
                        </b>afterClass()[pri:0, instance:liangyihui.app.test@7085bdee]
                     </div>
                     <div>
                        <b>Start time:
                           
                        </b>16:41:27
                     </div>
                     <div>
                        <b>End time:
                           
                        </b>16:41:27
                     </div>
                     <div>
                        <b>Duration:
                           
                        </b>0 ms
                        
                     </div>
                  </div>
               </td>
            </tr>
            <tr></tr>
         </table>
      </div>
      <div id="testMethodsByClass" style="display: none;">
         <table class="testMethodsTable" cellpadding="0" cellspacing="0">
            <tr>
               <td colspan="4">
                  <h3 style="display: inline;">liangyihui.app.test</h3>
               </td>
            </tr>
            <tr class="methodsTableHeader">
               <td width="100%">Name</td>
               <td nowrap="true">Started</td>
               <td nowrap="true">Duration</td>
               <td>Exception</td>
            </tr>
            <tr id="liangyihui.app.test_beforeClass_byClass_FAIL1_row"
                class="testMethodStatusFAIL testMethodStatusCONF">
               <td width="100%" class="firstMethodCell">
                  <a onclick="toggleDetailsVisibility('liangyihui.app.test_beforeClass_byClass_FAIL1_details')">beforeClass()</a>
               </td>
               <td nowrap="true">16:41:24</td>
               <td nowrap="true" align="right">3s
                  
               </td>
               <td nowrap="true">
                  <a onclick="toggleDetailsVisibility('liangyihui.app.test_beforeClass_byClass_FAIL1_exception')">org.openqa.selenium.WebDriverException: 
                     An unknown server-side error occurred while processing the command. Original error: Error executing adbExec. Original error:
                     'Command '/Users/yuhualai/Desktop/android-sdk-macosx/platform-tools/adb -P 5037 -s 1fea68300904 install /usr/local/lib/node_modules/appium/node_modules/appium-android-ime/bin/UnicodeIME-debug.apk'
                     exited with code 1'; Stderr: 'Failed to install /usr/local/lib/node_modules/appium/node_modules/appium-android-ime/bin/UnicodeIME-debug.apk:
                     Failure [INSTALL_FAILED_USER_RESTRICTED: Install canceled by user]'; Code: '1' (WARNING: The server did not provide any stacktrace
                     information)
                     Command duration or timeout: 2.20 seconds
                     Build info: version: '3.4.0', revision: 'unknown', time: 'unknown'
                     System info: host: 'yuhualaideMacBook-Pro.local', ip: 'fe80:0:0:0:410:a2ef:60e3:32e9%en0', os.name: 'Mac OS X', os.arch: 'x86_64',
                     os.version: '10.12.6', java.version: '1.8.0_131'
                     Driver info: driver.version: AndroidDriver
                     
                  </a>
                   
                  
               </td>
            </tr>
            <tr>
               <td colspan="4"
                   style="padding: 0; background-color: white; border-style: none; height: 0px;">
                  <div id="liangyihui.app.test_beforeClass_byClass_FAIL1_details"
                       class="testMethodDetails">
                     <div>
                        <b>Name:
                           
                        </b>beforeClass
                     </div>
                     <div>
                        <b>Signature:
                           
                        </b>beforeClass()[pri:0, instance:liangyihui.app.test@7085bdee]
                     </div>
                     <div>
                        <b>Start time:
                           
                        </b>16:41:24
                     </div>
                     <div>
                        <b>End time:
                           
                        </b>16:41:27
                     </div>
                     <div>
                        <b>Duration:
                           
                        </b>3s
                        
                     </div>
                  </div>
               </td>
            </tr>
            <tr>
               <td colspan="4"
                   style="padding: 0; background-color: white; border-style: none; height: 0px;">
                  <div id="liangyihui.app.test_beforeClass_byClass_FAIL1_exception"
                       class="testMethodDetails">
                     <pre style="padding: 5px; margin: 0;">org.openqa.selenium.WebDriverException: An unknown server-side error occurred while processing the command. Original error:
                        Error executing adbExec. Original error: 'Command '/Users/yuhualai/Desktop/android-sdk-macosx/platform-tools/adb -P 5037 -s
                        1fea68300904 install /usr/local/lib/node_modules/appium/node_modules/appium-android-ime/bin/UnicodeIME-debug.apk' exited with
                        code 1'; Stderr: 'Failed to install /usr/local/lib/node_modules/appium/node_modules/appium-android-ime/bin/UnicodeIME-debug.apk:
                        Failure [INSTALL_FAILED_USER_RESTRICTED: Install canceled by user]'; Code: '1' (WARNING: The server did not provide any stacktrace
                        information)
                        Command duration or timeout: 2.20 seconds
                        Build info: version: '3.4.0', revision: 'unknown', time: 'unknown'
                        System info: host: 'yuhualaideMacBook-Pro.local', ip: 'fe80:0:0:0:410:a2ef:60e3:32e9%en0', os.name: 'Mac OS X', os.arch: 'x86_64',
                        os.version: '10.12.6', java.version: '1.8.0_131'
                        Driver info: driver.version: AndroidDriver
                        	at sun.reflect.NativeConstructorAccessorImpl.newInstance0(Native Method)
                        	at sun.reflect.NativeConstructorAccessorImpl.newInstance(NativeConstructorAccessorImpl.java:62)
                        	at sun.reflect.DelegatingConstructorAccessorImpl.newInstance(DelegatingConstructorAccessorImpl.java:45)
                        	at java.lang.reflect.Constructor.newInstance(Constructor.java:423)
                        	at org.openqa.selenium.remote.ErrorHandler.createThrowable(ErrorHandler.java:215)
                        	at org.openqa.selenium.remote.ErrorHandler.throwIfResponseFailed(ErrorHandler.java:167)
                        	at org.openqa.selenium.remote.JsonWireProtocolResponse.lambda$new$0(JsonWireProtocolResponse.java:53)
                        	at org.openqa.selenium.remote.JsonWireProtocolResponse.lambda$getResponseFunction$2(JsonWireProtocolResponse.java:91)
                        	at org.openqa.selenium.remote.ProtocolHandshake.lambda$createSession$22(ProtocolHandshake.java:365)
                        	at java.util.stream.ReferencePipeline$3$1.accept(ReferencePipeline.java:193)
                        	at java.util.Spliterators$ArraySpliterator.tryAdvance(Spliterators.java:958)
                        	at java.util.stream.ReferencePipeline.forEachWithCancel(ReferencePipeline.java:126)
                        	at java.util.stream.AbstractPipeline.copyIntoWithCancel(AbstractPipeline.java:498)
                        	at java.util.stream.AbstractPipeline.copyInto(AbstractPipeline.java:485)
                        	at java.util.stream.AbstractPipeline.wrapAndCopyInto(AbstractPipeline.java:471)
                        	at java.util.stream.FindOps$FindOp.evaluateSequential(FindOps.java:152)
                        	at java.util.stream.AbstractPipeline.evaluate(AbstractPipeline.java:234)
                        	at java.util.stream.ReferencePipeline.findFirst(ReferencePipeline.java:464)
                        	at org.openqa.selenium.remote.ProtocolHandshake.createSession(ProtocolHandshake.java:368)
                        	at org.openqa.selenium.remote.ProtocolHandshake.createSession(ProtocolHandshake.java:159)
                        	at org.openqa.selenium.remote.HttpCommandExecutor.execute(HttpCommandExecutor.java:142)
                        	at io.appium.java_client.remote.AppiumCommandExecutor.execute(AppiumCommandExecutor.java:69)
                        	at org.openqa.selenium.remote.RemoteWebDriver.execute(RemoteWebDriver.java:637)
                        	at io.appium.java_client.DefaultGenericMobileDriver.execute(DefaultGenericMobileDriver.java:40)
                        	at io.appium.java_client.AppiumDriver.execute(AppiumDriver.java:1)
                        	at io.appium.java_client.android.AndroidDriver.execute(AndroidDriver.java:1)
                        	at org.openqa.selenium.remote.RemoteWebDriver.startSession(RemoteWebDriver.java:250)
                        	at org.openqa.selenium.remote.RemoteWebDriver.startSession(RemoteWebDriver.java:236)
                        	at org.openqa.selenium.remote.RemoteWebDriver.&lt;init&gt;(RemoteWebDriver.java:137)
                        	at io.appium.java_client.DefaultGenericMobileDriver.&lt;init&gt;(DefaultGenericMobileDriver.java:36)
                        	at io.appium.java_client.AppiumDriver.&lt;init&gt;(AppiumDriver.java:114)
                        	at io.appium.java_client.AppiumDriver.&lt;init&gt;(AppiumDriver.java:132)
                        	at io.appium.java_client.android.AndroidDriver.&lt;init&gt;(AndroidDriver.java:92)
                        	at liangyihui.test.Public.beforeClass(Public.java:32)
                        	at liangyihui.app.test.beforeClass(test.java:20)
                        	at sun.reflect.NativeMethodAccessorImpl.invoke0(Native Method)
                        	at sun.reflect.NativeMethodAccessorImpl.invoke(NativeMethodAccessorImpl.java:62)
                        	at sun.reflect.DelegatingMethodAccessorImpl.invoke(DelegatingMethodAccessorImpl.java:43)
                        	at java.lang.reflect.Method.invoke(Method.java:498)
                        	at org.testng.internal.MethodInvocationHelper.invokeMethod(MethodInvocationHelper.java:108)
                        	at org.testng.internal.Invoker.invokeConfigurationMethod(Invoker.java:523)
                        	at org.testng.internal.Invoker.invokeConfigurations(Invoker.java:224)
                        	at org.testng.internal.Invoker.invokeConfigurations(Invoker.java:146)
                        	at org.testng.internal.TestMethodWorker.invokeBeforeClassMethods(TestMethodWorker.java:166)
                        	at org.testng.internal.TestMethodWorker.run(TestMethodWorker.java:105)
                        	at org.testng.TestRunner.privateRun(TestRunner.java:744)
                        	at org.testng.TestRunner.run(TestRunner.java:602)
                        	at org.testng.SuiteRunner.runTest(SuiteRunner.java:380)
                        	at org.testng.SuiteRunner.runSequentially(SuiteRunner.java:375)
                        	at org.testng.SuiteRunner.privateRun(SuiteRunner.java:340)
                        	at org.testng.SuiteRunner.run(SuiteRunner.java:289)
                        	at org.testng.SuiteRunnerWorker.runSuite(SuiteRunnerWorker.java:52)
                        	at org.testng.SuiteRunnerWorker.run(SuiteRunnerWorker.java:86)
                        	at org.testng.TestNG.runSuitesSequentially(TestNG.java:1301)
                        	at org.testng.TestNG.runSuitesLocally(TestNG.java:1226)
                        	at org.testng.TestNG.runSuites(TestNG.java:1144)
                        	at org.testng.TestNG.run(TestNG.java:1115)
                        	at org.testng.remote.AbstractRemoteTestNG.run(AbstractRemoteTestNG.java:132)
                        	at org.testng.remote.RemoteTestNG.initAndRun(RemoteTestNG.java:230)
                        	at org.testng.remote.RemoteTestNG.main(RemoteTestNG.java:76)
                     </pre>
                  </div>
               </td>
            </tr>
            <tr id="liangyihui.app.test_f_byClass_SKIP2_row" class="testMethodStatusSKIP">
               <td width="100%" class="firstMethodCell">
                  <a onclick="toggleDetailsVisibility('liangyihui.app.test_f_byClass_SKIP2_details')">f()</a>
               </td>
               <td nowrap="true">16:41:27</td>
               <td nowrap="true" align="right">1 ms
                  
               </td>
               <td nowrap="true">
                  <a onclick="toggleDetailsVisibility('liangyihui.app.test_f_byClass_SKIP2_exception')">org.openqa.selenium.WebDriverException: 
                     An unknown server-side error occurred while processing the command. Original error: Error executing adbExec. Original error:
                     'Command '/Users/yuhualai/Desktop/android-sdk-macosx/platform-tools/adb -P 5037 -s 1fea68300904 install /usr/local/lib/node_modules/appium/node_modules/appium-android-ime/bin/UnicodeIME-debug.apk'
                     exited with code 1'; Stderr: 'Failed to install /usr/local/lib/node_modules/appium/node_modules/appium-android-ime/bin/UnicodeIME-debug.apk:
                     Failure [INSTALL_FAILED_USER_RESTRICTED: Install canceled by user]'; Code: '1' (WARNING: The server did not provide any stacktrace
                     information)
                     Command duration or timeout: 2.20 seconds
                     Build info: version: '3.4.0', revision: 'unknown', time: 'unknown'
                     System info: host: 'yuhualaideMacBook-Pro.local', ip: 'fe80:0:0:0:410:a2ef:60e3:32e9%en0', os.name: 'Mac OS X', os.arch: 'x86_64',
                     os.version: '10.12.6', java.version: '1.8.0_131'
                     Driver info: driver.version: AndroidDriver
                     
                  </a>
                   
                  
               </td>
            </tr>
            <tr>
               <td colspan="4"
                   style="padding: 0; background-color: white; border-style: none; height: 0px;">
                  <div id="liangyihui.app.test_f_byClass_SKIP2_details" class="testMethodDetails">
                     <div>
                        <b>Name:
                           
                        </b>f
                     </div>
                     <div>
                        <b>Signature:
                           
                        </b>f()[pri:0, instance:liangyihui.app.test@7085bdee]
                     </div>
                     <div>
                        <b>Start time:
                           
                        </b>16:41:27
                     </div>
                     <div>
                        <b>End time:
                           
                        </b>16:41:27
                     </div>
                     <div>
                        <b>Duration:
                           
                        </b>1 ms
                        
                     </div>
                  </div>
               </td>
            </tr>
            <tr>
               <td colspan="4"
                   style="padding: 0; background-color: white; border-style: none; height: 0px;">
                  <div id="liangyihui.app.test_f_byClass_SKIP2_exception" class="testMethodDetails">
                     <pre style="padding: 5px; margin: 0;">org.openqa.selenium.WebDriverException: An unknown server-side error occurred while processing the command. Original error:
                        Error executing adbExec. Original error: 'Command '/Users/yuhualai/Desktop/android-sdk-macosx/platform-tools/adb -P 5037 -s
                        1fea68300904 install /usr/local/lib/node_modules/appium/node_modules/appium-android-ime/bin/UnicodeIME-debug.apk' exited with
                        code 1'; Stderr: 'Failed to install /usr/local/lib/node_modules/appium/node_modules/appium-android-ime/bin/UnicodeIME-debug.apk:
                        Failure [INSTALL_FAILED_USER_RESTRICTED: Install canceled by user]'; Code: '1' (WARNING: The server did not provide any stacktrace
                        information)
                        Command duration or timeout: 2.20 seconds
                        Build info: version: '3.4.0', revision: 'unknown', time: 'unknown'
                        System info: host: 'yuhualaideMacBook-Pro.local', ip: 'fe80:0:0:0:410:a2ef:60e3:32e9%en0', os.name: 'Mac OS X', os.arch: 'x86_64',
                        os.version: '10.12.6', java.version: '1.8.0_131'
                        Driver info: driver.version: AndroidDriver
                        	at sun.reflect.NativeConstructorAccessorImpl.newInstance0(Native Method)
                        	at sun.reflect.NativeConstructorAccessorImpl.newInstance(NativeConstructorAccessorImpl.java:62)
                        	at sun.reflect.DelegatingConstructorAccessorImpl.newInstance(DelegatingConstructorAccessorImpl.java:45)
                        	at java.lang.reflect.Constructor.newInstance(Constructor.java:423)
                        	at org.openqa.selenium.remote.ErrorHandler.createThrowable(ErrorHandler.java:215)
                        	at org.openqa.selenium.remote.ErrorHandler.throwIfResponseFailed(ErrorHandler.java:167)
                        	at org.openqa.selenium.remote.JsonWireProtocolResponse.lambda$new$0(JsonWireProtocolResponse.java:53)
                        	at org.openqa.selenium.remote.JsonWireProtocolResponse.lambda$getResponseFunction$2(JsonWireProtocolResponse.java:91)
                        	at org.openqa.selenium.remote.ProtocolHandshake.lambda$createSession$22(ProtocolHandshake.java:365)
                        	at java.util.stream.ReferencePipeline$3$1.accept(ReferencePipeline.java:193)
                        	at java.util.Spliterators$ArraySpliterator.tryAdvance(Spliterators.java:958)
                        	at java.util.stream.ReferencePipeline.forEachWithCancel(ReferencePipeline.java:126)
                        	at java.util.stream.AbstractPipeline.copyIntoWithCancel(AbstractPipeline.java:498)
                        	at java.util.stream.AbstractPipeline.copyInto(AbstractPipeline.java:485)
                        	at java.util.stream.AbstractPipeline.wrapAndCopyInto(AbstractPipeline.java:471)
                        	at java.util.stream.FindOps$FindOp.evaluateSequential(FindOps.java:152)
                        	at java.util.stream.AbstractPipeline.evaluate(AbstractPipeline.java:234)
                        	at java.util.stream.ReferencePipeline.findFirst(ReferencePipeline.java:464)
                        	at org.openqa.selenium.remote.ProtocolHandshake.createSession(ProtocolHandshake.java:368)
                        	at org.openqa.selenium.remote.ProtocolHandshake.createSession(ProtocolHandshake.java:159)
                        	at org.openqa.selenium.remote.HttpCommandExecutor.execute(HttpCommandExecutor.java:142)
                        	at io.appium.java_client.remote.AppiumCommandExecutor.execute(AppiumCommandExecutor.java:69)
                        	at org.openqa.selenium.remote.RemoteWebDriver.execute(RemoteWebDriver.java:637)
                        	at io.appium.java_client.DefaultGenericMobileDriver.execute(DefaultGenericMobileDriver.java:40)
                        	at io.appium.java_client.AppiumDriver.execute(AppiumDriver.java:1)
                        	at io.appium.java_client.android.AndroidDriver.execute(AndroidDriver.java:1)
                        	at org.openqa.selenium.remote.RemoteWebDriver.startSession(RemoteWebDriver.java:250)
                        	at org.openqa.selenium.remote.RemoteWebDriver.startSession(RemoteWebDriver.java:236)
                        	at org.openqa.selenium.remote.RemoteWebDriver.&lt;init&gt;(RemoteWebDriver.java:137)
                        	at io.appium.java_client.DefaultGenericMobileDriver.&lt;init&gt;(DefaultGenericMobileDriver.java:36)
                        	at io.appium.java_client.AppiumDriver.&lt;init&gt;(AppiumDriver.java:114)
                        	at io.appium.java_client.AppiumDriver.&lt;init&gt;(AppiumDriver.java:132)
                        	at io.appium.java_client.android.AndroidDriver.&lt;init&gt;(AndroidDriver.java:92)
                        	at liangyihui.test.Public.beforeClass(Public.java:32)
                        	at liangyihui.app.test.beforeClass(test.java:20)
                        	at sun.reflect.NativeMethodAccessorImpl.invoke0(Native Method)
                        	at sun.reflect.NativeMethodAccessorImpl.invoke(NativeMethodAccessorImpl.java:62)
                        	at sun.reflect.DelegatingMethodAccessorImpl.invoke(DelegatingMethodAccessorImpl.java:43)
                        	at java.lang.reflect.Method.invoke(Method.java:498)
                        	at org.testng.internal.MethodInvocationHelper.invokeMethod(MethodInvocationHelper.java:108)
                        	at org.testng.internal.Invoker.invokeConfigurationMethod(Invoker.java:523)
                        	at org.testng.internal.Invoker.invokeConfigurations(Invoker.java:224)
                        	at org.testng.internal.Invoker.invokeConfigurations(Invoker.java:146)
                        	at org.testng.internal.TestMethodWorker.invokeBeforeClassMethods(TestMethodWorker.java:166)
                        	at org.testng.internal.TestMethodWorker.run(TestMethodWorker.java:105)
                        	at org.testng.TestRunner.privateRun(TestRunner.java:744)
                        	at org.testng.TestRunner.run(TestRunner.java:602)
                        	at org.testng.SuiteRunner.runTest(SuiteRunner.java:380)
                        	at org.testng.SuiteRunner.runSequentially(SuiteRunner.java:375)
                        	at org.testng.SuiteRunner.privateRun(SuiteRunner.java:340)
                        	at org.testng.SuiteRunner.run(SuiteRunner.java:289)
                        	at org.testng.SuiteRunnerWorker.runSuite(SuiteRunnerWorker.java:52)
                        	at org.testng.SuiteRunnerWorker.run(SuiteRunnerWorker.java:86)
                        	at org.testng.TestNG.runSuitesSequentially(TestNG.java:1301)
                        	at org.testng.TestNG.runSuitesLocally(TestNG.java:1226)
                        	at org.testng.TestNG.runSuites(TestNG.java:1144)
                        	at org.testng.TestNG.run(TestNG.java:1115)
                        	at org.testng.remote.AbstractRemoteTestNG.run(AbstractRemoteTestNG.java:132)
                        	at org.testng.remote.RemoteTestNG.initAndRun(RemoteTestNG.java:230)
                        	at org.testng.remote.RemoteTestNG.main(RemoteTestNG.java:76)
                     </pre>
                  </div>
               </td>
            </tr>
            <tr id="liangyihui.app.test_afterClass_byClass_SKIP3_row"
                class="testMethodStatusSKIP testMethodStatusCONF">
               <td width="100%" class="firstMethodCell">
                  <a onclick="toggleDetailsVisibility('liangyihui.app.test_afterClass_byClass_SKIP3_details')">afterClass()</a>
               </td>
               <td nowrap="true">16:41:27</td>
               <td nowrap="true" align="right">0 ms
                  
               </td>
               <td nowrap="true">
                   
                  
               </td>
            </tr>
            <tr>
               <td colspan="4"
                   style="padding: 0; background-color: white; border-style: none; height: 0px;">
                  <div id="liangyihui.app.test_afterClass_byClass_SKIP3_details"
                       class="testMethodDetails">
                     <div>
                        <b>Name:
                           
                        </b>afterClass
                     </div>
                     <div>
                        <b>Signature:
                           
                        </b>afterClass()[pri:0, instance:liangyihui.app.test@7085bdee]
                     </div>
                     <div>
                        <b>Start time:
                           
                        </b>16:41:27
                     </div>
                     <div>
                        <b>End time:
                           
                        </b>16:41:27
                     </div>
                     <div>
                        <b>Duration:
                           
                        </b>0 ms
                        
                     </div>
                  </div>
               </td>
            </tr>
            <tr></tr>
         </table>
         <br></br>
      </div>
      <div style="margin-top: 15px; color: gray; text-align: center; font-size: 9px;">
         Generated with
         
         <a href="http://code.google.com/p/testng-xslt/" style="color: #8888aa;"
            target="_blank">
            TestNG XSLT
            
         </a>
      </div>
   </body>
</html>