<?xml version="1.0" encoding="UTF-8"?>
<testng-results skipped="0" failed="0" ignored="0" total="1" passed="1">
  <reporter-output>
  </reporter-output>
  <suite name="Default suite" duration-ms="61430" started-at="2018-03-16T04:06:56Z" finished-at="2018-03-16T04:07:58Z">
    <groups>
    </groups>
    <test name="Default test" duration-ms="61430" started-at="2018-03-16T04:06:56Z" finished-at="2018-03-16T04:07:58Z">
      <class name="liangyihui.net.Login">
        <test-method status="PASS" signature="beforeClass()[pri:0, instance:liangyihui.net.Login@1ce92674]" name="beforeClass" is-config="true" duration-ms="21919" started-at="2018-03-16T12:06:57Z" finished-at="2018-03-16T12:07:18Z">
          <reporter-output>
          </reporter-output>
        </test-method> <!-- beforeClass -->
        <test-method status="PASS" signature="login()[pri:0, instance:liangyihui.net.Login@1ce92674]" name="login" duration-ms="39154" started-at="2018-03-16T12:07:18Z" finished-at="2018-03-16T12:07:58Z">
          <reporter-output>
          </reporter-output>
        </test-method> <!-- login -->
        <test-method status="PASS" signature="afterClass()[pri:0, instance:liangyihui.net.Login@1ce92674]" name="afterClass" is-config="true" duration-ms="332" started-at="2018-03-16T12:07:58Z" finished-at="2018-03-16T12:07:58Z">
          <reporter-output>
          </reporter-output>
        </test-method> <!-- afterClass -->
      </class> <!-- liangyihui.net.Login -->
    </test> <!-- Default test -->
  </suite> <!-- Default suite -->
</testng-results>
